#
# There is insufficient memory for the Java Runtime Environment to continue.
# Native memory allocation (malloc) failed to allocate 244656 bytes for Chunk::new
# Possible reasons:
#   The system is out of physical RAM or swap space
#   The process is running with CompressedOops enabled, and the Java Heap may be blocking the growth of the native heap
# Possible solutions:
#   Reduce memory load on the system
#   Increase physical memory or swap space
#   Check if swap backing store is full
#   Decrease Java heap size (-Xmx/-Xms)
#   Decrease number of Java threads
#   Decrease Java thread stack sizes (-Xss)
#   Set larger code cache with -XX:ReservedCodeCacheSize=
#   JVM is running with Unscaled Compressed Oops mode in which the Java heap is
#     placed in the first 4GB address space. The Java Heap base address is the
#     maximum limit for the native heap growth. Please use -XX:HeapBaseMinAddress
#     to set the Java Heap base and to place the Java Heap above 4GB virtual address.
# This output file may be truncated or incomplete.
#
#  Out of Memory Error (allocation.cpp:389), pid=2912, tid=0x0000000000003b6c
#
# JRE version: OpenJDK Runtime Environment (8.0_275-b01) (build 1.8.0_275-b01)
# Java VM: OpenJDK 64-Bit Server VM (25.275-b01 mixed mode windows-amd64 compressed oops)
# Failed to write core dump. Minidumps are not enabled by default on client versions of Windows
#

---------------  T H R E A D  ---------------

Current thread (0x000000001674a000):  JavaThread "C2 CompilerThread0" daemon [_thread_in_native, id=15212, stack(0x0000000017020000,0x0000000017120000)]

Stack: [0x0000000017020000,0x0000000017120000]
[error occurred during error reporting (printing stack bounds), id 0xc0000005]

Native frames: (J=compiled Java code, j=interpreted, Vv=VM code, C=native code)


Current CompileTask:
C2:  99524 11751   !   4       org.gradle.launcher.daemon.server.exec.DaemonConnectionBackedEventConsumer$ForwardEvents::getNextEvent (27 bytes)


---------------  P R O C E S S  ---------------

Java Threads: ( => current thread )
  0x000000001e017800 JavaThread "Exec process Thread 3" [_thread_in_native, id=2644, stack(0x0000000025780000,0x0000000025880000)]
  0x000000001e011800 JavaThread "Exec process Thread 2" [_thread_in_native, id=16580, stack(0x0000000025680000,0x0000000025780000)]
  0x000000001e013800 JavaThread "Exec process" [_thread_in_native, id=13912, stack(0x0000000025580000,0x0000000025680000)]
  0x000000001e013000 JavaThread "WorkerExecutor Queue" [_thread_blocked, id=11648, stack(0x00000000247a0000,0x00000000248a0000)]
  0x000000001e016000 JavaThread "Cache worker for execution history cache (C:\Users\ololm\Documents\GitHub\CryptoCurrency\android\.gradle\6.2\executionHistory)" [_thread_blocked, id=18672, stack(0x00000000246a0000,0x00000000247a0000)]
  0x000000001e012000 JavaThread "Execution worker for ':' Thread 7" [_thread_blocked, id=6060, stack(0x0000000024f80000,0x0000000025080000)]
  0x000000001ba2c800 JavaThread "Execution worker for ':' Thread 6" [_thread_blocked, id=10552, stack(0x0000000024e80000,0x0000000024f80000)]
  0x000000001ba25000 JavaThread "Execution worker for ':' Thread 5" [_thread_blocked, id=11636, stack(0x0000000024d80000,0x0000000024e80000)]
  0x000000001ba2c000 JavaThread "Execution worker for ':' Thread 4" [_thread_blocked, id=12524, stack(0x0000000024c80000,0x0000000024d80000)]
  0x000000001ba29000 JavaThread "Execution worker for ':' Thread 3" [_thread_blocked, id=5636, stack(0x0000000024b80000,0x0000000024c80000)]
  0x000000001ba24000 JavaThread "Execution worker for ':' Thread 2" [_thread_blocked, id=17540, stack(0x0000000024a80000,0x0000000024b80000)]
  0x000000001ba28000 JavaThread "Execution worker for ':'" [_thread_blocked, id=11780, stack(0x0000000024980000,0x0000000024a80000)]
  0x000000001ba2b000 JavaThread "Cache worker for file content cache (C:\Users\ololm\Documents\GitHub\CryptoCurrency\android\.gradle\6.2\fileContent)" [_thread_blocked, id=9200, stack(0x00000000245a0000,0x00000000246a0000)]
  0x000000001ba27000 JavaThread "Cache worker for file content cache (C:\Users\ololm\.gradle\caches\6.2\fileContent)" [_thread_blocked, id=6732, stack(0x0000000024050000,0x0000000024150000)]
  0x000000001ba2a800 JavaThread "Memory manager" [_thread_blocked, id=11116, stack(0x0000000023690000,0x0000000023790000)]
  0x000000001ba29800 JavaThread "Cache worker for Build Output Cleanup Cache (C:\Users\ololm\Documents\GitHub\CryptoCurrency\android\.gradle\buildOutputCleanup)" [_thread_blocked, id=3644, stack(0x0000000021bc0000,0x0000000021cc0000)]
  0x000000001ba23800 JavaThread "Build operations Thread 8" [_thread_blocked, id=15124, stack(0x00000000214c0000,0x00000000215c0000)]
  0x000000001ba26800 JavaThread "Build operations Thread 7" [_thread_blocked, id=10940, stack(0x00000000213c0000,0x00000000214c0000)]
  0x000000001ba22800 JavaThread "Build operations Thread 6" [_thread_blocked, id=11432, stack(0x00000000212c0000,0x00000000213c0000)]
  0x000000001ba1e800 JavaThread "Build operations Thread 5" [_thread_blocked, id=12272, stack(0x00000000211c0000,0x00000000212c0000)]
  0x000000001ba25800 JavaThread "Build operations Thread 4" [_thread_blocked, id=9340, stack(0x00000000210c0000,0x00000000211c0000)]
  0x000000001ba1e000 JavaThread "Build operations Thread 3" [_thread_blocked, id=7868, stack(0x0000000020fc0000,0x00000000210c0000)]
  0x000000001ba22000 JavaThread "Build operations Thread 2" [_thread_blocked, id=7592, stack(0x0000000020ec0000,0x0000000020fc0000)]
  0x000000001ba21000 JavaThread "Build operations" [_thread_blocked, id=13596, stack(0x000000001f5e0000,0x000000001f6e0000)]
  0x00000000191f5000 JavaThread "Cache worker for execution history cache (C:\Users\ololm\.gradle\caches\6.2\executionHistory)" [_thread_blocked, id=1308, stack(0x000000001ee70000,0x000000001ef70000)]
  0x00000000191f1800 JavaThread "Cache worker for cache directory md-rule (C:\Users\ololm\.gradle\caches\6.2\md-rule)" [_thread_blocked, id=18508, stack(0x000000001dc40000,0x000000001dd40000)]
  0x00000000191f3000 JavaThread "Cache worker for cache directory md-supplier (C:\Users\ololm\.gradle\caches\6.2\md-supplier)" [_thread_blocked, id=972, stack(0x000000001d940000,0x000000001da40000)]
  0x00000000191f6800 JavaThread "Cache worker for file hash cache (C:\Users\ololm\Documents\GitHub\CryptoCurrency\android\.gradle\6.2\fileHashes)" [_thread_blocked, id=17420, stack(0x000000001ed70000,0x000000001ee70000)]
  0x00000000191f4000 JavaThread "Cache worker for checksums cache (C:\Users\ololm\Documents\GitHub\CryptoCurrency\android\.gradle\checksums)" [_thread_blocked, id=13156, stack(0x000000001c820000,0x000000001c920000)]
  0x00000000191f8000 JavaThread "Cache worker for file hash cache (C:\Users\ololm\.gradle\caches\6.2\fileHashes)" [_thread_blocked, id=9864, stack(0x000000001b550000,0x000000001b650000)]
  0x00000000191f8800 JavaThread "File lock request listener" [_thread_in_native, id=5488, stack(0x000000001b450000,0x000000001b550000)]
  0x00000000191f2800 JavaThread "Cache worker for journal cache (C:\Users\ololm\.gradle\caches\journal-1)" [_thread_blocked, id=19220, stack(0x000000001b350000,0x000000001b450000)]
  0x0000000019185800 JavaThread "Thread-9" [_thread_blocked, id=11340, stack(0x000000001b050000,0x000000001b150000)]
  0x0000000019182800 JavaThread "Stdin handler" [_thread_blocked, id=6128, stack(0x000000001af50000,0x000000001b050000)]
  0x0000000019181800 JavaThread "Asynchronous log dispatcher for DefaultDaemonConnection: socket connection from /127.0.0.1:60980 to /127.0.0.1:60981" [_thread_blocked, id=10108, stack(0x000000001ad50000,0x000000001ae50000)]
  0x000000001917b800 JavaThread "Daemon worker" [_thread_blocked, id=12168, stack(0x000000001ac50000,0x000000001ad50000)]
  0x0000000019176800 JavaThread "Cancel handler" [_thread_blocked, id=9424, stack(0x000000001a950000,0x000000001aa50000)]
  0x0000000019175800 JavaThread "Handler for socket connection from /127.0.0.1:60980 to /127.0.0.1:60981" [_thread_in_native, id=13496, stack(0x000000001a850000,0x000000001a950000)]
  0x0000000019137800 JavaThread "Daemon" [_thread_blocked, id=7444, stack(0x000000001a750000,0x000000001a850000)]
  0x00000000190e2000 JavaThread "Daemon periodic checks" [_thread_blocked, id=18484, stack(0x000000001a650000,0x000000001a750000)]
  0x00000000190e1000 JavaThread "Incoming local TCP Connector on port 60980" [_thread_in_native, id=6052, stack(0x000000001a400000,0x000000001a500000)]
  0x0000000018fea000 JavaThread "Daemon health stats" [_thread_blocked, id=16492, stack(0x0000000019dc0000,0x0000000019ec0000)]
  0x00000000167d3000 JavaThread "Service Thread" daemon [_thread_blocked, id=18980, stack(0x0000000017420000,0x0000000017520000)]
  0x0000000016755000 JavaThread "C1 CompilerThread3" daemon [_thread_in_vm, id=9260, stack(0x0000000017320000,0x0000000017420000)]
  0x000000001674d000 JavaThread "C2 CompilerThread2" daemon [_thread_blocked, id=18856, stack(0x0000000017220000,0x0000000017320000)]
  0x000000001674c000 JavaThread "C2 CompilerThread1" daemon [_thread_blocked, id=9392, stack(0x0000000017120000,0x0000000017220000)]
=>0x000000001674a000 JavaThread "C2 CompilerThread0" daemon [_thread_in_native, id=15212, stack(0x0000000017020000,0x0000000017120000)]
  0x0000000016744800 JavaThread "Attach Listener" daemon [_thread_blocked, id=10576, stack(0x0000000016f20000,0x0000000017020000)]
  0x0000000016743800 JavaThread "Signal Dispatcher" daemon [_thread_blocked, id=16348, stack(0x0000000016e20000,0x0000000016f20000)]
  0x0000000016730800 JavaThread "Finalizer" daemon [_thread_blocked, id=11128, stack(0x0000000016c10000,0x0000000016d10000)]
  0x00000000030a8000 JavaThread "Reference Handler" daemon [_thread_blocked, id=19356, stack(0x0000000016b10000,0x0000000016c10000)]
  0x0000000002fae800 JavaThread "main" [_thread_blocked, id=17004, stack(0x0000000002e40000,0x0000000002f40000)]

Other Threads:
  0x0000000014916800 VMThread [stack: 0x0000000016610000,0x0000000016710000] [id=16176]
  0x00000000167d4000 WatcherThread [stack: 0x0000000017520000,0x0000000017620000] [id=13152]

VM state:not at safepoint (normal execution)

VM Mutex/Monitor currently owned by a thread:  ([mutex/lock_event])
[0x0000000002facee0] CodeCache_lock - owner thread: 0x0000000016755000
[0x0000000002fb0fd0] Compile_lock - owner thread: 0x0000000016755000
[0x0000000002fb1b50] MethodCompileQueue_lock - owner thread: 0x0000000016755000

heap address: 0x00000000e0000000, size: 512 MB, Compressed Oops mode: 32-bit
Narrow klass base: 0x0000000000000000, Narrow klass shift: 3
Compressed class space size: 1073741824 Address: 0x0000000100000000

Heap:
 PSYoungGen      total 138240K, used 89172K [0x00000000f5580000, 0x00000000ffd00000, 0x0000000100000000)
  eden space 107008K, 76% used [0x00000000f5580000,0x00000000fa5d52c8,0x00000000fbe00000)
  from space 31232K, 22% used [0x00000000fde80000,0x00000000fe540000,0x00000000ffd00000)
  to   space 32256K, 0% used [0x00000000fbe00000,0x00000000fbe00000,0x00000000fdd80000)
 ParOldGen       total 184320K, used 130277K [0x00000000e0000000, 0x00000000eb400000, 0x00000000f5580000)
  object space 184320K, 70% used [0x00000000e0000000,0x00000000e7f394a0,0x00000000eb400000)
 Metaspace       used 69627K, capacity 74410K, committed 74624K, reserved 1114112K
  class space    used 9734K, capacity 10801K, committed 10880K, reserved 1048576K

Card table byte_map: [0x0000000012470000,0x0000000012580000] byte_map_base: 0x0000000011d70000

Marking Bits: (ParMarkBitMap*) 0x0000000060c323c0
 Begin Bits: [0x0000000012e30000, 0x0000000013630000)
 End Bits:   [0x0000000013630000, 0x0000000013e30000)

Polling page: 0x0000000001650000

CodeCache: size=245760Kb used=33136Kb max_used=33140Kb free=212623Kb
 bounds [0x00000000030b0000, 0x0000000005140000, 0x00000000120b0000]
 total_blobs=10882 nmethods=10071 adapters=721
 compilation: enabled

Compilation events (10 events):
Event: 91.561 Thread 0x000000001674a000 nmethod 11746 0x0000000004dc1c50 code [0x0000000004dc1d80, 0x0000000004dc1e78]
Event: 94.976 Thread 0x0000000016755000 11747       3       org.gradle.internal.logging.services.TextStreamOutputEventListener::onTextEvent (44 bytes)
Event: 94.978 Thread 0x0000000016755000 nmethod 11747 0x0000000005128050 code [0x0000000005128240, 0x0000000005128d68]
Event: 96.558 Thread 0x0000000016755000 11748       3       java.util.concurrent.locks.AbstractQueuedSynchronizer::doReleaseShared (79 bytes)
Event: 96.558 Thread 0x0000000016755000 nmethod 11748 0x0000000003e65610 code [0x0000000003e657c0, 0x0000000003e65d88]
Event: 99.421 Thread 0x000000001674d000 11749   !   4       java.util.concurrent.LinkedBlockingQueue::poll (134 bytes)
Event: 99.478 Thread 0x000000001674c000 11750       4       org.gradle.launcher.daemon.server.exec.DaemonConnectionBackedEventConsumer$ForwardEvents::moreMessagesToSend (35 bytes)
Event: 99.478 Thread 0x000000001674a000 11751   !   4       org.gradle.launcher.daemon.server.exec.DaemonConnectionBackedEventConsumer$ForwardEvents::getNextEvent (27 bytes)
Event: 99.482 Thread 0x000000001674c000 nmethod 11750 0x0000000004e58050 code [0x0000000004e58180, 0x0000000004e58218]
Event: 99.490 Thread 0x000000001674d000 nmethod 11749 0x000000000512e610 code [0x000000000512e820, 0x000000000512f6b0]

GC Heap History (10 events):
Event: 26.793 GC heap before
{Heap before GC invocations=19 (full 3):
 PSYoungGen      total 138240K, used 109056K [0x00000000f5580000, 0x0000000100000000, 0x0000000100000000)
  eden space 101888K, 100% used [0x00000000f5580000,0x00000000fb900000,0x00000000fb900000)
  from space 36352K, 19% used [0x00000000fb900000,0x00000000fc000080,0x00000000fdc80000)
  to   space 36352K, 0% used [0x00000000fdc80000,0x00000000fdc80000,0x0000000100000000)
 ParOldGen       total 184320K, used 103812K [0x00000000e0000000, 0x00000000eb400000, 0x00000000f5580000)
  object space 184320K, 56% used [0x00000000e0000000,0x00000000e6561300,0x00000000eb400000)
 Metaspace       used 69519K, capacity 74290K, committed 74624K, reserved 1114112K
  class space    used 9721K, capacity 10765K, committed 10880K, reserved 1048576K
Event: 26.803 GC heap after
Heap after GC invocations=19 (full 3):
 PSYoungGen      total 137216K, used 7104K [0x00000000f5580000, 0x00000000fff00000, 0x0000000100000000)
  eden space 101888K, 0% used [0x00000000f5580000,0x00000000f5580000,0x00000000fb900000)
  from space 35328K, 20% used [0x00000000fdc80000,0x00000000fe3700a0,0x00000000fff00000)
  to   space 35840K, 0% used [0x00000000fb900000,0x00000000fb900000,0x00000000fdc00000)
 ParOldGen       total 184320K, used 108692K [0x00000000e0000000, 0x00000000eb400000, 0x00000000f5580000)
  object space 184320K, 58% used [0x00000000e0000000,0x00000000e6a25320,0x00000000eb400000)
 Metaspace       used 69519K, capacity 74290K, committed 74624K, reserved 1114112K
  class space    used 9721K, capacity 10765K, committed 10880K, reserved 1048576K
}
Event: 27.448 GC heap before
{Heap before GC invocations=20 (full 3):
 PSYoungGen      total 137216K, used 108992K [0x00000000f5580000, 0x00000000fff00000, 0x0000000100000000)
  eden space 101888K, 100% used [0x00000000f5580000,0x00000000fb900000,0x00000000fb900000)
  from space 35328K, 20% used [0x00000000fdc80000,0x00000000fe3700a0,0x00000000fff00000)
  to   space 35840K, 0% used [0x00000000fb900000,0x00000000fb900000,0x00000000fdc00000)
 ParOldGen       total 184320K, used 108692K [0x00000000e0000000, 0x00000000eb400000, 0x00000000f5580000)
  object space 184320K, 58% used [0x00000000e0000000,0x00000000e6a25320,0x00000000eb400000)
 Metaspace       used 69519K, capacity 74290K, committed 74624K, reserved 1114112K
  class space    used 9721K, capacity 10765K, committed 10880K, reserved 1048576K
Event: 27.458 GC heap after
Heap after GC invocations=20 (full 3):
 PSYoungGen      total 137728K, used 7072K [0x00000000f5580000, 0x00000000fff80000, 0x0000000100000000)
  eden space 101888K, 0% used [0x00000000f5580000,0x00000000f5580000,0x00000000fb900000)
  from space 35840K, 19% used [0x00000000fb900000,0x00000000fbfe8020,0x00000000fdc00000)
  to   space 35328K, 0% used [0x00000000fdd00000,0x00000000fdd00000,0x00000000fff80000)
 ParOldGen       total 184320K, used 113708K [0x00000000e0000000, 0x00000000eb400000, 0x00000000f5580000)
  object space 184320K, 61% used [0x00000000e0000000,0x00000000e6f0b3c0,0x00000000eb400000)
 Metaspace       used 69519K, capacity 74290K, committed 74624K, reserved 1114112K
  class space    used 9721K, capacity 10765K, committed 10880K, reserved 1048576K
}
Event: 28.048 GC heap before
{Heap before GC invocations=21 (full 3):
 PSYoungGen      total 137728K, used 108960K [0x00000000f5580000, 0x00000000fff80000, 0x0000000100000000)
  eden space 101888K, 100% used [0x00000000f5580000,0x00000000fb900000,0x00000000fb900000)
  from space 35840K, 19% used [0x00000000fb900000,0x00000000fbfe8020,0x00000000fdc00000)
  to   space 35328K, 0% used [0x00000000fdd00000,0x00000000fdd00000,0x00000000fff80000)
 ParOldGen       total 184320K, used 113708K [0x00000000e0000000, 0x00000000eb400000, 0x00000000f5580000)
  object space 184320K, 61% used [0x00000000e0000000,0x00000000e6f0b3c0,0x00000000eb400000)
 Metaspace       used 69519K, capacity 74290K, committed 74624K, reserved 1114112K
  class space    used 9721K, capacity 10765K, committed 10880K, reserved 1048576K
Event: 28.057 GC heap after
Heap after GC invocations=21 (full 3):
 PSYoungGen      total 136704K, used 7904K [0x00000000f5580000, 0x00000000ffd80000, 0x0000000100000000)
  eden space 103424K, 0% used [0x00000000f5580000,0x00000000f5580000,0x00000000fba80000)
  from space 33280K, 23% used [0x00000000fdd00000,0x00000000fe4b8090,0x00000000ffd80000)
  to   space 34304K, 0% used [0x00000000fba80000,0x00000000fba80000,0x00000000fdc00000)
 ParOldGen       total 184320K, used 118708K [0x00000000e0000000, 0x00000000eb400000, 0x00000000f5580000)
  object space 184320K, 64% used [0x00000000e0000000,0x00000000e73ed3e0,0x00000000eb400000)
 Metaspace       used 69519K, capacity 74290K, committed 74624K, reserved 1114112K
  class space    used 9721K, capacity 10765K, committed 10880K, reserved 1048576K
}
Event: 28.902 GC heap before
{Heap before GC invocations=22 (full 3):
 PSYoungGen      total 136704K, used 111328K [0x00000000f5580000, 0x00000000ffd80000, 0x0000000100000000)
  eden space 103424K, 100% used [0x00000000f5580000,0x00000000fba80000,0x00000000fba80000)
  from space 33280K, 23% used [0x00000000fdd00000,0x00000000fe4b8090,0x00000000ffd80000)
  to   space 34304K, 0% used [0x00000000fba80000,0x00000000fba80000,0x00000000fdc00000)
 ParOldGen       total 184320K, used 118708K [0x00000000e0000000, 0x00000000eb400000, 0x00000000f5580000)
  object space 184320K, 64% used [0x00000000e0000000,0x00000000e73ed3e0,0x00000000eb400000)
 Metaspace       used 69520K, capacity 74290K, committed 74624K, reserved 1114112K
  class space    used 9722K, capacity 10765K, committed 10880K, reserved 1048576K
Event: 28.914 GC heap after
Heap after GC invocations=22 (full 3):
 PSYoungGen      total 137728K, used 7872K [0x00000000f5580000, 0x00000000fff00000, 0x0000000100000000)
  eden space 103424K, 0% used [0x00000000f5580000,0x00000000f5580000,0x00000000fba80000)
  from space 34304K, 22% used [0x00000000fba80000,0x00000000fc230030,0x00000000fdc00000)
  to   space 33280K, 0% used [0x00000000fde80000,0x00000000fde80000,0x00000000fff00000)
 ParOldGen       total 184320K, used 124493K [0x00000000e0000000, 0x00000000eb400000, 0x00000000f5580000)
  object space 184320K, 67% used [0x00000000e0000000,0x00000000e7993470,0x00000000eb400000)
 Metaspace       used 69520K, capacity 74290K, committed 74624K, reserved 1114112K
  class space    used 9722K, capacity 10765K, committed 10880K, reserved 1048576K
}
Event: 29.549 GC heap before
{Heap before GC invocations=23 (full 3):
 PSYoungGen      total 137728K, used 111296K [0x00000000f5580000, 0x00000000fff00000, 0x0000000100000000)
  eden space 103424K, 100% used [0x00000000f5580000,0x00000000fba80000,0x00000000fba80000)
  from space 34304K, 22% used [0x00000000fba80000,0x00000000fc230030,0x00000000fdc00000)
  to   space 33280K, 0% used [0x00000000fde80000,0x00000000fde80000,0x00000000fff00000)
 ParOldGen       total 184320K, used 124493K [0x00000000e0000000, 0x00000000eb400000, 0x00000000f5580000)
  object space 184320K, 67% used [0x00000000e0000000,0x00000000e7993470,0x00000000eb400000)
 Metaspace       used 69521K, capacity 74290K, committed 74624K, reserved 1114112K
  class space    used 9722K, capacity 10765K, committed 10880K, reserved 1048576K
Event: 29.560 GC heap after
Heap after GC invocations=23 (full 3):
 PSYoungGen      total 138240K, used 6912K [0x00000000f5580000, 0x00000000ffd00000, 0x0000000100000000)
  eden space 107008K, 0% used [0x00000000f5580000,0x00000000f5580000,0x00000000fbe00000)
  from space 31232K, 22% used [0x00000000fde80000,0x00000000fe540000,0x00000000ffd00000)
  to   space 32256K, 0% used [0x00000000fbe00000,0x00000000fbe00000,0x00000000fdd80000)
 ParOldGen       total 184320K, used 130277K [0x00000000e0000000, 0x00000000eb400000, 0x00000000f5580000)
  object space 184320K, 70% used [0x00000000e0000000,0x00000000e7f394a0,0x00000000eb400000)
 Metaspace       used 69521K, capacity 74290K, committed 74624K, reserved 1114112K
  class space    used 9722K, capacity 10765K, committed 10880K, reserved 1048576K
}

Deoptimization events (10 events):
Event: 31.617 Thread 0x000000001e017800 Uncommon trap: reason=bimorphic action=maybe_recompile pc=0x0000000004f037cc method=org.gradle.internal.logging.sink.LogEventDispatcher.onOutput(Lorg/gradle/internal/logging/events/OutputEvent;)V @ 1
Event: 31.617 Thread 0x000000001e017800 Uncommon trap: reason=bimorphic action=maybe_recompile pc=0x0000000003c346ac method=org.gradle.launcher.daemon.server.exec.LogToClient$AsynchronousLogDispatcher$1.isMatchingBuildLogLevel(Lorg/gradle/internal/logging/events/OutputEvent;)Z @ 1
Event: 31.645 Thread 0x000000001e017800 Uncommon trap: reason=bimorphic action=maybe_recompile pc=0x000000000432fbd0 method=org.gradle.internal.logging.sink.OutputEventRenderer.onOutput(Lorg/gradle/internal/logging/events/OutputEvent;)V @ 1
Event: 31.645 Thread 0x000000001e017800 Uncommon trap: reason=class_check action=maybe_recompile pc=0x000000000503b5a4 method=org.gradle.internal.logging.sink.OutputEventTransformer.onOutput(Lorg/gradle/internal/logging/events/OutputEvent;)V @ 225
Event: 31.645 Thread 0x000000001e017800 Uncommon trap: reason=unstable_if action=reinterpret pc=0x00000000034f3d8c method=org.gradle.internal.logging.text.AbstractLineChoppingStyledTextOutput$2.execute(Lorg/gradle/internal/logging/text/AbstractLineChoppingStyledTextOutput$StateContext;)V @ 30
Event: 31.645 Thread 0x000000001e017800 Uncommon trap: reason=bimorphic action=maybe_recompile pc=0x0000000003c346ac method=org.gradle.launcher.daemon.server.exec.LogToClient$AsynchronousLogDispatcher$1.isMatchingBuildLogLevel(Lorg/gradle/internal/logging/events/OutputEvent;)Z @ 1
Event: 31.646 Thread 0x000000001e017800 Uncommon trap: reason=bimorphic action=maybe_recompile pc=0x000000000432fbd0 method=org.gradle.internal.logging.sink.OutputEventRenderer.onOutput(Lorg/gradle/internal/logging/events/OutputEvent;)V @ 1
Event: 31.646 Thread 0x000000001e017800 Uncommon trap: reason=class_check action=maybe_recompile pc=0x000000000503b5a4 method=org.gradle.internal.logging.sink.OutputEventTransformer.onOutput(Lorg/gradle/internal/logging/events/OutputEvent;)V @ 225
Event: 31.646 Thread 0x000000001e017800 Uncommon trap: reason=bimorphic action=maybe_recompile pc=0x0000000003c346ac method=org.gradle.launcher.daemon.server.exec.LogToClient$AsynchronousLogDispatcher$1.isMatchingBuildLogLevel(Lorg/gradle/internal/logging/events/OutputEvent;)Z @ 1
Event: 31.646 Thread 0x000000001e017800 Uncommon trap: reason=bimorphic action=maybe_recompile pc=0x00000000042fef20 method=org.gradle.internal.logging.sink.OutputEventRenderer.onOutput(Lorg/gradle/internal/logging/events/OutputEvent;)V @ 1

Classes redefined (0 events):
No events

Internal exceptions (10 events):
Event: 23.899 Thread 0x000000001e012000 Exception <a 'sun/nio/fs/WindowsException'> (0x00000000f7dc2da8) thrown at [C:\cygwin64\tmp\build\source\java-1.8.0-openjdk\tmp\jdk8u\hotspot\src\share\vm\prims\jni.cpp, line 711]
Event: 23.899 Thread 0x000000001e012000 Exception <a 'sun/nio/fs/WindowsException'> (0x00000000f7dca0f8) thrown at [C:\cygwin64\tmp\build\source\java-1.8.0-openjdk\tmp\jdk8u\hotspot\src\share\vm\prims\jni.cpp, line 711]
Event: 23.899 Thread 0x000000001e012000 Exception <a 'sun/nio/fs/WindowsException'> (0x00000000f7dcadd8) thrown at [C:\cygwin64\tmp\build\source\java-1.8.0-openjdk\tmp\jdk8u\hotspot\src\share\vm\prims\jni.cpp, line 711]
Event: 23.900 Thread 0x000000001e012000 Exception <a 'sun/nio/fs/WindowsException'> (0x00000000f7dcbb28) thrown at [C:\cygwin64\tmp\build\source\java-1.8.0-openjdk\tmp\jdk8u\hotspot\src\share\vm\prims\jni.cpp, line 711]
Event: 23.978 Thread 0x000000001e012000 Implicit null exception at 0x0000000004105bcc to 0x0000000004105c3d
Event: 23.982 Thread 0x000000001e012000 Exception <a 'java/lang/NoSuchMethodError': <clinit>> (0x00000000f8049118) thrown at [C:\cygwin64\tmp\build\source\java-1.8.0-openjdk\tmp\jdk8u\hotspot\src\share\vm\prims\jni.cpp, line 1616]
Event: 23.984 Thread 0x000000001e012000 Exception <a 'java/lang/NoSuchMethodError': <clinit>> (0x00000000f805c998) thrown at [C:\cygwin64\tmp\build\source\java-1.8.0-openjdk\tmp\jdk8u\hotspot\src\share\vm\prims\jni.cpp, line 1616]
Event: 23.985 Thread 0x000000001e012000 Implicit null exception at 0x00000000038176aa to 0x0000000003817921
Event: 23.996 Thread 0x000000001e012000 Exception <a 'java/lang/NoSuchMethodError': <clinit>> (0x00000000f8094ce8) thrown at [C:\cygwin64\tmp\build\source\java-1.8.0-openjdk\tmp\jdk8u\hotspot\src\share\vm\prims\jni.cpp, line 1616]
Event: 23.998 Thread 0x000000001e012000 Exception <a 'java/lang/NoSuchMethodError': <clinit>> (0x00000000f80b2638) thrown at [C:\cygwin64\tmp\build\source\java-1.8.0-openjdk\tmp\jdk8u\hotspot\src\share\vm\prims\jni.cpp, line 1616]

Events (10 events):
Event: 84.948 Thread 0x0000000016755000 flushing nmethod 0x0000000003ce4b90
Event: 84.957 Thread 0x0000000016755000 flushing nmethod 0x0000000003cf4790
Event: 84.976 Thread 0x0000000016755000 flushing nmethod 0x0000000003e65610
Event: 84.989 Thread 0x0000000016755000 flushing nmethod 0x0000000003f8a590
Event: 85.013 Thread 0x0000000016755000 flushing nmethod 0x00000000041019d0
Event: 90.194 Thread 0x0000000016755000 flushing nmethod 0x00000000045f5fd0
Event: 90.236 Thread 0x0000000016755000 flushing nmethod 0x0000000004811fd0
Event: 91.556 Thread 0x0000000016755000 flushing nmethod 0x0000000004dc1c50
Event: 91.559 Thread 0x0000000016755000 flushing nmethod 0x0000000004dfd010
Event: 91.564 Thread 0x000000001674a000 flushing nmethod 0x0000000004e58050


Dynamic libraries:
0x00007ff7b7020000 - 0x00007ff7b7055000 	C:\Program Files\OpenJDK\openjdk-8u275-b01\bin\java.exe
0x00007fffaa6f0000 - 0x00007fffaa8e6000 	C:\Windows\SYSTEM32\ntdll.dll
0x00007fffa9ba0000 - 0x00007fffa9c5d000 	C:\Windows\System32\KERNEL32.DLL
0x00007fffa7ef0000 - 0x00007fffa81b8000 	C:\Windows\System32\KERNELBASE.dll
0x00007fffaa380000 - 0x00007fffaa42a000 	C:\Windows\System32\ADVAPI32.dll
0x00007fffa8dc0000 - 0x00007fffa8e5e000 	C:\Windows\System32\msvcrt.dll
0x00007fffa92a0000 - 0x00007fffa933b000 	C:\Windows\System32\sechost.dll
0x00007fffa9c60000 - 0x00007fffa9d84000 	C:\Windows\System32\RPCRT4.dll
0x00007fffa9030000 - 0x00007fffa91d0000 	C:\Windows\System32\USER32.dll
0x00007fffa8730000 - 0x00007fffa8752000 	C:\Windows\System32\win32u.dll
0x00007fffa8d90000 - 0x00007fffa8dba000 	C:\Windows\System32\GDI32.dll
0x00007fffa85d0000 - 0x00007fffa86d9000 	C:\Windows\System32\gdi32full.dll
0x00007fffa84b0000 - 0x00007fffa854d000 	C:\Windows\System32\msvcp_win.dll
0x00007fffa8220000 - 0x00007fffa8320000 	C:\Windows\System32\ucrtbase.dll
0x00007fff92bc0000 - 0x00007fff92e5b000 	C:\Windows\WinSxS\amd64_microsoft.windows.common-controls_6595b64144ccf1df_6.0.19041.488_none_ca04af081b815d21\COMCTL32.dll
0x00007fffa8bd0000 - 0x00007fffa8c00000 	C:\Windows\System32\IMM32.DLL
0x0000000061f30000 - 0x0000000062002000 	C:\Program Files\OpenJDK\openjdk-8u275-b01\jre\bin\msvcr100.dll
0x0000000060420000 - 0x0000000060cb4000 	C:\Program Files\OpenJDK\openjdk-8u275-b01\jre\bin\server\jvm.dll
0x00007fffaa170000 - 0x00007fffaa178000 	C:\Windows\System32\PSAPI.DLL
0x00007fff8bdc0000 - 0x00007fff8bde7000 	C:\Windows\SYSTEM32\WINMM.dll
0x00007fffa1eb0000 - 0x00007fffa1eba000 	C:\Windows\SYSTEM32\VERSION.dll
0x00007fff9e2c0000 - 0x00007fff9e2c9000 	C:\Windows\SYSTEM32\WSOCK32.dll
0x00007fffaa640000 - 0x00007fffaa6ab000 	C:\Windows\System32\WS2_32.dll
0x00007fffa2cb0000 - 0x00007fffa2cbf000 	C:\Program Files\OpenJDK\openjdk-8u275-b01\jre\bin\verify.dll
0x00007fff96300000 - 0x00007fff96329000 	C:\Program Files\OpenJDK\openjdk-8u275-b01\jre\bin\java.dll
0x00007fff9f020000 - 0x00007fff9f036000 	C:\Program Files\OpenJDK\openjdk-8u275-b01\jre\bin\zip.dll
0x00007fffa9340000 - 0x00007fffa9a80000 	C:\Windows\System32\SHELL32.dll
0x00007fffa5f90000 - 0x00007fffa6724000 	C:\Windows\SYSTEM32\windows.storage.dll
0x00007fffa9d90000 - 0x00007fffaa0e5000 	C:\Windows\System32\combase.dll
0x00007fffa78b0000 - 0x00007fffa78dc000 	C:\Windows\SYSTEM32\Wldp.dll
0x00007fffa8ce0000 - 0x00007fffa8d8e000 	C:\Windows\System32\SHCORE.dll
0x00007fffaa0f0000 - 0x00007fffaa145000 	C:\Windows\System32\shlwapi.dll
0x00007fffa7d70000 - 0x00007fffa7d96000 	C:\Windows\SYSTEM32\profapi.dll
0x00007fff98f90000 - 0x00007fff98fab000 	C:\Program Files\OpenJDK\openjdk-8u275-b01\jre\bin\net.dll
0x00007fffa75c0000 - 0x00007fffa762a000 	C:\Windows\system32\mswsock.dll
0x00007fff98910000 - 0x00007fff98922000 	C:\Program Files\OpenJDK\openjdk-8u275-b01\jre\bin\nio.dll
0x00007fff937b0000 - 0x00007fff937da000 	C:\Users\ololm\.gradle\native\36\windows-amd64\native-platform.dll
0x00007fff9f4c0000 - 0x00007fff9f4cd000 	C:\Program Files\OpenJDK\openjdk-8u275-b01\jre\bin\management.dll
0x00007fffa7790000 - 0x00007fffa77a8000 	C:\Windows\SYSTEM32\CRYPTSP.dll
0x00007fffa6ef0000 - 0x00007fffa6f24000 	C:\Windows\system32\rsaenh.dll
0x00007fffa8320000 - 0x00007fffa8347000 	C:\Windows\System32\bcrypt.dll
0x00007fffa7d30000 - 0x00007fffa7d5e000 	C:\Windows\SYSTEM32\USERENV.dll
0x00007fffa8550000 - 0x00007fffa85cf000 	C:\Windows\System32\bcryptprimitives.dll
0x00007fffa77b0000 - 0x00007fffa77bc000 	C:\Windows\SYSTEM32\CRYPTBASE.dll
0x00007fffa72b0000 - 0x00007fffa72eb000 	C:\Windows\SYSTEM32\IPHLPAPI.DLL
0x00007fffaa180000 - 0x00007fffaa189000 	C:\Windows\System32\NSI.dll
0x00007fffa1290000 - 0x00007fffa12a7000 	C:\Windows\SYSTEM32\dhcpcsvc6.DLL
0x00007fffa1540000 - 0x00007fffa155d000 	C:\Windows\SYSTEM32\dhcpcsvc.DLL
0x00007fffa72f0000 - 0x00007fffa73bb000 	C:\Windows\SYSTEM32\DNSAPI.dll

VM Arguments:
jvm_args: -XX:MaxMetaspaceSize=256m -XX:+HeapDumpOnOutOfMemoryError -Xms256m -Xmx512m -Dfile.encoding=windows-1251 -Duser.country=RU -Duser.language=ru -Duser.variant 
java_command: org.gradle.launcher.daemon.bootstrap.GradleDaemon 6.2
java_class_path (initial): C:\Users\ololm\.gradle\wrapper\dists\gradle-6.2-all\dvufqs6kielxeao781pmk5huj\gradle-6.2\lib\gradle-launcher-6.2.jar
Launcher Type: SUN_STANDARD

Environment Variables:
JAVA_HOME=C:\Program Files\OpenJDK\openjdk-8u275-b01
CLASSPATH=C:\Users\ololm\Documents\GitHub\CryptoCurrency\android\\gradle\wrapper\gradle-wrapper.jar
PATH=C:\Windows\system32;C:\Windows;C:\Windows\System32\Wbem;C:\Windows\System32\WindowsPowerShell\v1.0\;C:\Windows\System32\OpenSSH\;C:\Program Files (x86)\NVIDIA Corporation\PhysX\Common;C:\Program Files\NVIDIA Corporation\NVIDIA NvDLISR;C:\ProgramData\chocolatey\bin;C:\Program Files\nodejs\;C:\Program Files\OpenJDK\openjdk-8u275-b01\bin;C:\Users\ololm\AppData\Local\Microsoft\WindowsApps;C:\Users\ololm\AppData\Roaming\npm;D:\Microsoft VS Code\bin;C:\Users\ololm\AppData\Local\GitHubDesktop\bin
USERNAME=ololm
OS=Windows_NT
PROCESSOR_IDENTIFIER=Intel64 Family 6 Model 158 Stepping 13, GenuineIntel



---------------  S Y S T E M  ---------------

OS: Windows 10.0 , 64 bit Build 19041 (10.0.19041.546)

CPU:total 8 (initial active 8) (4 cores per cpu, 2 threads per core) family 6 model 158 stepping 13, cmov, cx8, fxsr, mmx, sse, sse2, sse3, ssse3, sse4.1, sse4.2, popcnt, avx, avx2, aes, clmul, erms, 3dnowpref, lzcnt, ht, tsc, tscinvbit, bmi1, bmi2, adx

Memory: 4k page, physical 8237116k(432296k free), swap 17248016k(240k free)

vm_info: OpenJDK 64-Bit Server VM (25.275-b01) for windows-amd64 JRE (1.8.0_275-b01), built on Nov  6 2020 13:43:37 by "build" with MS VC++ 10.0 (VS2010)

time: Mon Dec 07 01:46:37 2020
timezone: Финляндия (зима)
elapsed time: 99.555038 seconds (0d 0h 1m 39s)

